1
2
1117
1142
1148
2706
2711
2759
2763
2797
2870
2877
2878
2879
2880
3041
3042
3051
3052
3055
3166
3193
3208
3214
3215
3216
3217
3218
3244
3245
3246
3313
3318
3328
3329
3330
3337
3352
3398
3481
3482
3483
3602
3603
3629
3633
3635
3640
3641
3646
3647
3648
3649
3650
3653
3654
3655
3659
3688
3689
3694
3699
3700
3701
3702
3705
3711
3712
3718
3744
3745
3746
3749
3750
3754
3759
3760
3803
3814
3820
3821
3826
3827
3846
3847
3863
3864
3877
3880
3931
3932
3977
3982
3983
3987
3988
3995
4055
4069
4070
4071
4072
4074
4078
4081
4085
4101
4107
4111
4113
4143
4155
4429
4430
4432
4447
4479
4480
4496
4498
4512
4513
4527
4528
4529
4530
4532
4533
4535
4536
4537
4538
4543
4554
4555
4557
4558
4564
4565
4567
4568
4571
4572
4575
4576
4577
4579
4583
4618
4637
4640
4641
4710
4719
4734
4751
4762
4776
4777
4783
4787
4890
5112
5125
13332
13333
13442
15367
15368
15945
15949
22097
23513
24609
24663
24966
28526
29664
29689
29730
29760
33090
33154
33634
34397
35493
35711
35717
37682
38820
39946
39947
40148
40149
40551
41399
41937
41938
41944
42345
45156
45157
49274
49390
51351
52163
57918
58023
58024
59689
62889
65489
71139
71239
71240
71241
71274
71275
72025
76912
77586
78536
81972
81985
85681
88036
91827
91834
91835
91836
91888
103762
112001
112509
114656
131221
131567
139271
147367
147368
147369
147370
147380
147385
147387
147389
147428
147429
147538
147550
163722
163735
163742
163743
169618
169640
169700
169748
171637
171638
180498
214687
214907
214909
222543
232365
232378
235629
235631
235880
235883
235887
238069
243963
261009
265316
265318
280699
359160
362247
381124
403667
404260
408188
424551
424554
424555
424562
424564
424565
424566
424573
424574
451864
569578
640623
715989
716545
716546
721789
721805
721813
980083
981071
1003877
1080340
1184124
1293079
1293361
1437180
1437183
1437197
1437201
1446380
1462606
1502711
1521260
1648017
1648021
1648028
1648029
1648030
1648031
1648033
1648036
1648037
1648038
1699513
1699524
1728959
1783272
1798711
1890424
1890428
1968428
1968429
2094558
